{"name": "test_search_for_no_product", "status": "failed", "statusDetails": {"message": "AssertionError: assert False\n +  where False = <method-wrapper '__eq__' of str object at 0x000001B63C04D840>('There is no product that matches the search criteria.ABC')\n +    where <method-wrapper '__eq__' of str object at 0x000001B63C04D840> = 'There is no product that matches the search criteria.'.__eq__\n +      where 'There is no product that matches the search criteria.' = <bound method SearchPage.invalid_search_product of <PageObject.SearchPage.SearchPage object at 0x000001B63C0DF910>>()\n +        where <bound method SearchPage.invalid_search_product of <PageObject.SearchPage.SearchPage object at 0x000001B63C0DF910>> = <PageObject.SearchPage.SearchPage object at 0x000001B63C0DF910>.invalid_search_product", "trace": "self = <test.test_Search.Test_Search object at 0x000001B63C0A4090>\n\n    def test_search_for_no_product(self):\n      home_page = HomePage(self.driver)\n      search_page = home_page.search_product_click_search_button(\"\")\n      exp_search_text_2 = \"There is no product that matches the search criteria.ABC\"\n>     assert search_page.invalid_search_product().__eq__(exp_search_text_2)\nE     AssertionError: assert False\nE      +  where False = <method-wrapper '__eq__' of str object at 0x000001B63C04D840>('There is no product that matches the search criteria.ABC')\nE      +    where <method-wrapper '__eq__' of str object at 0x000001B63C04D840> = 'There is no product that matches the search criteria.'.__eq__\nE      +      where 'There is no product that matches the search criteria.' = <bound method SearchPage.invalid_search_product of <PageObject.SearchPage.SearchPage object at 0x000001B63C0DF910>>()\nE      +        where <bound method SearchPage.invalid_search_product of <PageObject.SearchPage.SearchPage object at 0x000001B63C0DF910>> = <PageObject.SearchPage.SearchPage object at 0x000001B63C0DF910>.invalid_search_product\n\ntest\\test_Search.py:21: AssertionError"}, "start": 1703074667797, "stop": 1703074668646, "uuid": "8507ae8d-6feb-41a5-9279-fe835fc112b3", "historyId": "b36e027e0a6c28f50fe829656958e1cd", "testCaseId": "b36e027e0a6c28f50fe829656958e1cd", "fullName": "test.test_Search.Test_Search#test_search_for_no_product", "labels": [{"name": "tag", "value": "@pytest.mark.usefixtures('setup_and_teardown', 'log_on_failure')"}, {"name": "parentSuite", "value": "test"}, {"name": "suite", "value": "test_Search"}, {"name": "subSuite", "value": "Test_Search"}, {"name": "host", "value": "Lenovo"}, {"name": "thread", "value": "24836-MainThread"}, {"name": "framework", "value": "pytest"}, {"name": "language", "value": "cpython3"}, {"name": "package", "value": "test.test_Search"}]}